<?xml version="1.0" encoding="UTF-8"?>
<testng-results ignored="0" total="2" passed="2" failed="0" skipped="0">
  <reporter-output>
    <line>
      <![CDATA[<table> <tr >  <img   style="border:1px solid black;"      src="C:\HTML Report\HtmlTemplates\Logo.JPEG"></tr><tr   ><center><font color="red"  size="15" >TC01_Add_Nationality_Iterration_1</font></center></tr><tr bgcolor="#9370DB"> <th width="100px"> <center><font color="white"  size="4" >Steps</font></center><font color="white"  size="4" ></font></center> </th> <th width="450px" ><center><font color="white"  size="4" >Details </font> </center></th> <th width="100px" ><center><font color="white"  size="4" >Status</font></center></th>  <th  width="250px"  ><center><font color="white"  size="4" >Screen Shots</font></center></th> <th width="250px"  ><center><font color="white"  size="4" >Date & Time</font></center></th>  </tr>       ]]>
    </line>
    <line>
      <![CDATA[ <tr bgcolor="#eee"> <th width="100px"> <center>Step&nbsp;1</center> </th> <th width="450px" ><center><b><font color='black'>   Open Url - Orange HRM Url Invoked Successfully </b> </font></center></th> <th width="100px" ><center><img src='file:///C:\HTML Report\HtmlTemplates\passed.ico'    +     "width="30" + height="30"></img></center></th>  <th  width="250px"  ><center><a href=C:/HTML Report/test-output/TempScreenShots/TC01_Add_Nationality_Iterration_1_2020_Feb_23_11_26_12_456_AM/23_Feb_2020 11_26_14_070 AM.png target="popup" onclick="window.open('C:/HTML Report/test-output/TempScreenShots/TC01_Add_Nationality_Iterration_1_2020_Feb_23_11_26_12_456_AM/23_Feb_2020 11_26_14_070 AM.png','popup','width=600,height=600'); return false;"> ScreenShot</a> </center></th> <th width="250px"  ><center>2020_Feb_23_11_26_14_491_AM</center></th>  </tr>      ]]>
    </line>
    <line>
      <![CDATA[ <tr bgcolor="#ddd"> <th width="100px"> <center>Step&nbsp;2</center> </th> <th width="450px" ><center><b><font color='black'>   Login Page - Enter user Name</b> </font></center></th> <th width="100px" ><center><img src='file:///C:\HTML Report\HtmlTemplates\passed.ico'    +     "width="30" + height="30"></img></center></th>  <th  width="250px"  ><center><a href=C:/HTML Report/test-output/TempScreenShots/TC01_Add_Nationality_Iterration_1_2020_Feb_23_11_26_12_456_AM/23_Feb_2020 11_26_14_637 AM.png target="popup" onclick="window.open('C:/HTML Report/test-output/TempScreenShots/TC01_Add_Nationality_Iterration_1_2020_Feb_23_11_26_12_456_AM/23_Feb_2020 11_26_14_637 AM.png','popup','width=600,height=600'); return false;"> ScreenShot</a> </center></th> <th width="250px"  ><center>2020_Feb_23_11_26_14_985_AM</center></th>  </tr>      ]]>
    </line>
    <line>
      <![CDATA[ <tr bgcolor="#eee"> <th width="100px"> <center>Step&nbsp;3</center> </th> <th width="450px" ><center><b><font color='black'>   Login Page - Enter Password</b> </font></center></th> <th width="100px" ><center><img src='file:///C:\HTML Report\HtmlTemplates\passed.ico'    +     "width="30" + height="30"></img></center></th>  <th  width="250px"  ><center><a href=C:/HTML Report/test-output/TempScreenShots/TC01_Add_Nationality_Iterration_1_2020_Feb_23_11_26_12_456_AM/23_Feb_2020 11_26_15_124 AM.png target="popup" onclick="window.open('C:/HTML Report/test-output/TempScreenShots/TC01_Add_Nationality_Iterration_1_2020_Feb_23_11_26_12_456_AM/23_Feb_2020 11_26_15_124 AM.png','popup','width=600,height=600'); return false;"> ScreenShot</a> </center></th> <th width="250px"  ><center>2020_Feb_23_11_26_15_454_AM</center></th>  </tr>      ]]>
    </line>
    <line>
      <![CDATA[ <tr bgcolor="#ddd"> <th width="100px"> <center>Step&nbsp;4</center> </th> <th width="450px" ><center><b><font color='black'>   Login Page - Click on Sign In</b> </font></center></th> <th width="100px" ><center><img src='file:///C:\HTML Report\HtmlTemplates\passed.ico'    +     "width="30" + height="30"></img></center></th>  <th  width="250px"  ><center><a href=C:/HTML Report/test-output/TempScreenShots/TC01_Add_Nationality_Iterration_1_2020_Feb_23_11_26_12_456_AM/23_Feb_2020 11_26_15_508 AM.png target="popup" onclick="window.open('C:/HTML Report/test-output/TempScreenShots/TC01_Add_Nationality_Iterration_1_2020_Feb_23_11_26_12_456_AM/23_Feb_2020 11_26_15_508 AM.png','popup','width=600,height=600'); return false;"> ScreenShot</a> </center></th> <th width="250px"  ><center>2020_Feb_23_11_26_15_823_AM</center></th>  </tr>      ]]>
    </line>
    <line>
      <![CDATA[ <tr bgcolor="#eee"> <th width="100px"> <center>Step&nbsp;5</center> </th> <th width="450px" ><center><b><font color='black'>   Nationality Page - Nationality Entered</b> </font></center></th> <th width="100px" ><center><img src='file:///C:\HTML Report\HtmlTemplates\passed.ico'    +     "width="30" + height="30"></img></center></th>  <th  width="250px"  ><center><a href=C:/HTML Report/test-output/TempScreenShots/TC01_Add_Nationality_Iterration_1_2020_Feb_23_11_26_12_456_AM/23_Feb_2020 11_26_21_868 AM.png target="popup" onclick="window.open('C:/HTML Report/test-output/TempScreenShots/TC01_Add_Nationality_Iterration_1_2020_Feb_23_11_26_12_456_AM/23_Feb_2020 11_26_21_868 AM.png','popup','width=600,height=600'); return false;"> ScreenShot</a> </center></th> <th width="250px"  ><center>2020_Feb_23_11_26_22_195_AM</center></th>  </tr>      ]]>
    </line>
    <line>
      <![CDATA[ <tr bgcolor="#ddd"> <th width="100px"> <center>Step&nbsp;6</center> </th> <th width="450px" ><center><b><font color='black'>   Scroll Nationality </b> </font></center></th> <th width="100px" ><center><img src='file:///C:\HTML Report\HtmlTemplates\passed.ico'    +     "width="30" + height="30"></img></center></th>  <th  width="250px"  ><center><a href=C:/HTML Report/test-output/TempScreenShots/TC01_Add_Nationality_Iterration_1_2020_Feb_23_11_26_12_456_AM/23_Feb_2020 11_26_23_527 AM.png target="popup" onclick="window.open('C:/HTML Report/test-output/TempScreenShots/TC01_Add_Nationality_Iterration_1_2020_Feb_23_11_26_12_456_AM/23_Feb_2020 11_26_23_527 AM.png','popup','width=600,height=600'); return false;"> ScreenShot</a> </center></th> <th width="250px"  ><center>2020_Feb_23_11_26_23_847_AM</center></th>  </tr>      ]]>
    </line>
    <line>
      <![CDATA[<table> <tr >  <img   style="border:1px solid black;"      src="C:\HTML Report\HtmlTemplates\Logo.JPEG"></tr><tr   ><center><font color="red"  size="15" >TC01_Add_Nationality_Iterration_2</font></center></tr><tr bgcolor="#9370DB"> <th width="100px"> <center><font color="white"  size="4" >Steps</font></center><font color="white"  size="4" ></font></center> </th> <th width="450px" ><center><font color="white"  size="4" >Details </font> </center></th> <th width="100px" ><center><font color="white"  size="4" >Status</font></center></th>  <th  width="250px"  ><center><font color="white"  size="4" >Screen Shots</font></center></th> <th width="250px"  ><center><font color="white"  size="4" >Date & Time</font></center></th>  </tr>       ]]>
    </line>
    <line>
      <![CDATA[ <tr bgcolor="#eee"> <th width="100px"> <center>Step&nbsp;1</center> </th> <th width="450px" ><center><b><font color='black'>   Nationality Page - Nationality Entered</b> </font></center></th> <th width="100px" ><center><img src='file:///C:\HTML Report\HtmlTemplates\passed.ico'    +     "width="30" + height="30"></img></center></th>  <th  width="250px"  ><center><a href=C:/HTML Report/test-output/TempScreenShots/TC01_Add_Nationality_Iterration_2_2020_Feb_23_11_26_23_865_AM/23_Feb_2020 11_26_26_588 AM.png target="popup" onclick="window.open('C:/HTML Report/test-output/TempScreenShots/TC01_Add_Nationality_Iterration_2_2020_Feb_23_11_26_23_865_AM/23_Feb_2020 11_26_26_588 AM.png','popup','width=600,height=600'); return false;"> ScreenShot</a> </center></th> <th width="250px"  ><center>2020_Feb_23_11_26_26_906_AM</center></th>  </tr>      ]]>
    </line>
    <line>
      <![CDATA[ <tr bgcolor="#ddd"> <th width="100px"> <center>Step&nbsp;2</center> </th> <th width="450px" ><center><b><font color='black'>   Scroll Nationality </b> </font></center></th> <th width="100px" ><center><img src='file:///C:\HTML Report\HtmlTemplates\passed.ico'    +     "width="30" + height="30"></img></center></th>  <th  width="250px"  ><center><a href=C:/HTML Report/test-output/TempScreenShots/TC01_Add_Nationality_Iterration_2_2020_Feb_23_11_26_23_865_AM/23_Feb_2020 11_26_28_054 AM.png target="popup" onclick="window.open('C:/HTML Report/test-output/TempScreenShots/TC01_Add_Nationality_Iterration_2_2020_Feb_23_11_26_23_865_AM/23_Feb_2020 11_26_28_054 AM.png','popup','width=600,height=600'); return false;"> ScreenShot</a> </center></th> <th width="250px"  ><center>2020_Feb_23_11_26_28_354_AM</center></th>  </tr>      ]]>
    </line>
    <line>
      <![CDATA[ <tr bgcolor="#eee"> <th width="100px"> <center>Step&nbsp;3</center> </th> <th width="450px" ><center><b><font color='black'>   HomePage - Logout</b> </font></center></th> <th width="100px" ><center><img src='file:///C:\HTML Report\HtmlTemplates\passed.ico'    +     "width="30" + height="30"></img></center></th>  <th  width="250px"  ><center><a href=C:/HTML Report/test-output/TempScreenShots/TC01_Add_Nationality_Iterration_2_2020_Feb_23_11_26_23_865_AM/23_Feb_2020 11_26_28_424 AM.png target="popup" onclick="window.open('C:/HTML Report/test-output/TempScreenShots/TC01_Add_Nationality_Iterration_2_2020_Feb_23_11_26_23_865_AM/23_Feb_2020 11_26_28_424 AM.png','popup','width=600,height=600'); return false;"> ScreenShot</a> </center></th> <th width="250px"  ><center>2020_Feb_23_11_26_28_730_AM</center></th>  </tr>      ]]>
    </line>
    <line>
      <![CDATA[ <tr bgcolor="#ddd"> <th width="100px"> <center>Step&nbsp;4</center> </th> <th width="450px" ><center><b><font color='black'>   After Click on Logout- Logged out Succefully</b> </font></center></th> <th width="100px" ><center><img src='file:///C:\HTML Report\HtmlTemplates\passed.ico'    +     "width="30" + height="30"></img></center></th>  <th  width="250px"  ><center><a href=C:/HTML Report/test-output/TempScreenShots/TC01_Add_Nationality_Iterration_2_2020_Feb_23_11_26_23_865_AM/23_Feb_2020 11_26_29_660 AM.png target="popup" onclick="window.open('C:/HTML Report/test-output/TempScreenShots/TC01_Add_Nationality_Iterration_2_2020_Feb_23_11_26_23_865_AM/23_Feb_2020 11_26_29_660 AM.png','popup','width=600,height=600'); return false;"> ScreenShot</a> </center></th> <th width="250px"  ><center>2020_Feb_23_11_26_29_986_AM</center></th>  </tr>      ]]>
    </line>
  </reporter-output>
  <suite started-at="2020-02-23T05:56:01Z" name="Suite" finished-at="2020-02-23T05:56:30Z" duration-ms="29392">
    <groups>
    </groups>
    <test started-at="2020-02-23T05:56:01Z" name="TC01_Add_Nationality" finished-at="2020-02-23T05:56:30Z" duration-ms="29392">
      <class name="TestCases.TC01_Add_Nationality">
        <test-method is-config="true" signature="CreateHTML(java.lang.String)[pri:0, instance:TestCases.TC01_Add_Nationality@36d585c]" started-at="2020-02-23T05:56:01Z" name="CreateHTML" finished-at="2020-02-23T05:56:11Z" duration-ms="10408" status="PASS">
          <params>
            <param index="0">
              <value>
                <![CDATA[Chrome]]>
              </value>
            </param>
          </params>
          <reporter-output>
          </reporter-output>
        </test-method> <!-- CreateHTML -->
        <test-method signature="Nationality_call_allmethods(java.lang.String, java.lang.String, java.lang.String, java.lang.String)[pri:0, instance:TestCases.TC01_Add_Nationality@36d585c]" started-at="2020-02-23T05:56:12Z" name="Nationality_call_allmethods" data-provider="TC01_Add_Nationality1" finished-at="2020-02-23T05:56:23Z" duration-ms="11425" status="PASS">
          <params>
            <param index="0">
              <value>
                <![CDATA[https://s2.demo.opensourcecms.com/orangehrm/symfony/web/index.php/auth/login]]>
              </value>
            </param>
            <param index="1">
              <value>
                <![CDATA[opensourcecms]]>
              </value>
            </param>
            <param index="2">
              <value>
                <![CDATA[opensourcecms]]>
              </value>
            </param>
            <param index="3">
              <value>
                <![CDATA[Mexicans124]]>
              </value>
            </param>
          </params>
          <reporter-output>
            <line>
              <![CDATA[<table> <tr >  <img   style="border:1px solid black;"      src="C:\HTML Report\HtmlTemplates\Logo.JPEG"></tr><tr   ><center><font color="red"  size="15" >TC01_Add_Nationality_Iterration_1</font></center></tr><tr bgcolor="#9370DB"> <th width="100px"> <center><font color="white"  size="4" >Steps</font></center><font color="white"  size="4" ></font></center> </th> <th width="450px" ><center><font color="white"  size="4" >Details </font> </center></th> <th width="100px" ><center><font color="white"  size="4" >Status</font></center></th>  <th  width="250px"  ><center><font color="white"  size="4" >Screen Shots</font></center></th> <th width="250px"  ><center><font color="white"  size="4" >Date & Time</font></center></th>  </tr>       ]]>
            </line>
            <line>
              <![CDATA[ <tr bgcolor="#eee"> <th width="100px"> <center>Step&nbsp;1</center> </th> <th width="450px" ><center><b><font color='black'>   Open Url - Orange HRM Url Invoked Successfully </b> </font></center></th> <th width="100px" ><center><img src='file:///C:\HTML Report\HtmlTemplates\passed.ico'    +     "width="30" + height="30"></img></center></th>  <th  width="250px"  ><center><a href=C:/HTML Report/test-output/TempScreenShots/TC01_Add_Nationality_Iterration_1_2020_Feb_23_11_26_12_456_AM/23_Feb_2020 11_26_14_070 AM.png target="popup" onclick="window.open('C:/HTML Report/test-output/TempScreenShots/TC01_Add_Nationality_Iterration_1_2020_Feb_23_11_26_12_456_AM/23_Feb_2020 11_26_14_070 AM.png','popup','width=600,height=600'); return false;"> ScreenShot</a> </center></th> <th width="250px"  ><center>2020_Feb_23_11_26_14_491_AM</center></th>  </tr>      ]]>
            </line>
            <line>
              <![CDATA[ <tr bgcolor="#ddd"> <th width="100px"> <center>Step&nbsp;2</center> </th> <th width="450px" ><center><b><font color='black'>   Login Page - Enter user Name</b> </font></center></th> <th width="100px" ><center><img src='file:///C:\HTML Report\HtmlTemplates\passed.ico'    +     "width="30" + height="30"></img></center></th>  <th  width="250px"  ><center><a href=C:/HTML Report/test-output/TempScreenShots/TC01_Add_Nationality_Iterration_1_2020_Feb_23_11_26_12_456_AM/23_Feb_2020 11_26_14_637 AM.png target="popup" onclick="window.open('C:/HTML Report/test-output/TempScreenShots/TC01_Add_Nationality_Iterration_1_2020_Feb_23_11_26_12_456_AM/23_Feb_2020 11_26_14_637 AM.png','popup','width=600,height=600'); return false;"> ScreenShot</a> </center></th> <th width="250px"  ><center>2020_Feb_23_11_26_14_985_AM</center></th>  </tr>      ]]>
            </line>
            <line>
              <![CDATA[ <tr bgcolor="#eee"> <th width="100px"> <center>Step&nbsp;3</center> </th> <th width="450px" ><center><b><font color='black'>   Login Page - Enter Password</b> </font></center></th> <th width="100px" ><center><img src='file:///C:\HTML Report\HtmlTemplates\passed.ico'    +     "width="30" + height="30"></img></center></th>  <th  width="250px"  ><center><a href=C:/HTML Report/test-output/TempScreenShots/TC01_Add_Nationality_Iterration_1_2020_Feb_23_11_26_12_456_AM/23_Feb_2020 11_26_15_124 AM.png target="popup" onclick="window.open('C:/HTML Report/test-output/TempScreenShots/TC01_Add_Nationality_Iterration_1_2020_Feb_23_11_26_12_456_AM/23_Feb_2020 11_26_15_124 AM.png','popup','width=600,height=600'); return false;"> ScreenShot</a> </center></th> <th width="250px"  ><center>2020_Feb_23_11_26_15_454_AM</center></th>  </tr>      ]]>
            </line>
            <line>
              <![CDATA[ <tr bgcolor="#ddd"> <th width="100px"> <center>Step&nbsp;4</center> </th> <th width="450px" ><center><b><font color='black'>   Login Page - Click on Sign In</b> </font></center></th> <th width="100px" ><center><img src='file:///C:\HTML Report\HtmlTemplates\passed.ico'    +     "width="30" + height="30"></img></center></th>  <th  width="250px"  ><center><a href=C:/HTML Report/test-output/TempScreenShots/TC01_Add_Nationality_Iterration_1_2020_Feb_23_11_26_12_456_AM/23_Feb_2020 11_26_15_508 AM.png target="popup" onclick="window.open('C:/HTML Report/test-output/TempScreenShots/TC01_Add_Nationality_Iterration_1_2020_Feb_23_11_26_12_456_AM/23_Feb_2020 11_26_15_508 AM.png','popup','width=600,height=600'); return false;"> ScreenShot</a> </center></th> <th width="250px"  ><center>2020_Feb_23_11_26_15_823_AM</center></th>  </tr>      ]]>
            </line>
            <line>
              <![CDATA[ <tr bgcolor="#eee"> <th width="100px"> <center>Step&nbsp;5</center> </th> <th width="450px" ><center><b><font color='black'>   Nationality Page - Nationality Entered</b> </font></center></th> <th width="100px" ><center><img src='file:///C:\HTML Report\HtmlTemplates\passed.ico'    +     "width="30" + height="30"></img></center></th>  <th  width="250px"  ><center><a href=C:/HTML Report/test-output/TempScreenShots/TC01_Add_Nationality_Iterration_1_2020_Feb_23_11_26_12_456_AM/23_Feb_2020 11_26_21_868 AM.png target="popup" onclick="window.open('C:/HTML Report/test-output/TempScreenShots/TC01_Add_Nationality_Iterration_1_2020_Feb_23_11_26_12_456_AM/23_Feb_2020 11_26_21_868 AM.png','popup','width=600,height=600'); return false;"> ScreenShot</a> </center></th> <th width="250px"  ><center>2020_Feb_23_11_26_22_195_AM</center></th>  </tr>      ]]>
            </line>
            <line>
              <![CDATA[ <tr bgcolor="#ddd"> <th width="100px"> <center>Step&nbsp;6</center> </th> <th width="450px" ><center><b><font color='black'>   Scroll Nationality </b> </font></center></th> <th width="100px" ><center><img src='file:///C:\HTML Report\HtmlTemplates\passed.ico'    +     "width="30" + height="30"></img></center></th>  <th  width="250px"  ><center><a href=C:/HTML Report/test-output/TempScreenShots/TC01_Add_Nationality_Iterration_1_2020_Feb_23_11_26_12_456_AM/23_Feb_2020 11_26_23_527 AM.png target="popup" onclick="window.open('C:/HTML Report/test-output/TempScreenShots/TC01_Add_Nationality_Iterration_1_2020_Feb_23_11_26_12_456_AM/23_Feb_2020 11_26_23_527 AM.png','popup','width=600,height=600'); return false;"> ScreenShot</a> </center></th> <th width="250px"  ><center>2020_Feb_23_11_26_23_847_AM</center></th>  </tr>      ]]>
            </line>
          </reporter-output>
        </test-method> <!-- Nationality_call_allmethods -->
        <test-method signature="Nationality_call_allmethods(java.lang.String, java.lang.String, java.lang.String, java.lang.String)[pri:0, instance:TestCases.TC01_Add_Nationality@36d585c]" started-at="2020-02-23T05:56:23Z" name="Nationality_call_allmethods" data-provider="TC01_Add_Nationality1" finished-at="2020-02-23T05:56:28Z" duration-ms="4521" status="PASS">
          <params>
            <param index="0">
              <value>
                <![CDATA[https://s2.demo.opensourcecms.com/orangehrm/symfony/web/index.php/auth/login]]>
              </value>
            </param>
            <param index="1">
              <value>
                <![CDATA[opensourcecms]]>
              </value>
            </param>
            <param index="2">
              <value>
                <![CDATA[opensourcecms]]>
              </value>
            </param>
            <param index="3">
              <value>
                <![CDATA[Mexicans126]]>
              </value>
            </param>
          </params>
          <reporter-output>
            <line>
              <![CDATA[<table> <tr >  <img   style="border:1px solid black;"      src="C:\HTML Report\HtmlTemplates\Logo.JPEG"></tr><tr   ><center><font color="red"  size="15" >TC01_Add_Nationality_Iterration_2</font></center></tr><tr bgcolor="#9370DB"> <th width="100px"> <center><font color="white"  size="4" >Steps</font></center><font color="white"  size="4" ></font></center> </th> <th width="450px" ><center><font color="white"  size="4" >Details </font> </center></th> <th width="100px" ><center><font color="white"  size="4" >Status</font></center></th>  <th  width="250px"  ><center><font color="white"  size="4" >Screen Shots</font></center></th> <th width="250px"  ><center><font color="white"  size="4" >Date & Time</font></center></th>  </tr>       ]]>
            </line>
            <line>
              <![CDATA[ <tr bgcolor="#eee"> <th width="100px"> <center>Step&nbsp;1</center> </th> <th width="450px" ><center><b><font color='black'>   Nationality Page - Nationality Entered</b> </font></center></th> <th width="100px" ><center><img src='file:///C:\HTML Report\HtmlTemplates\passed.ico'    +     "width="30" + height="30"></img></center></th>  <th  width="250px"  ><center><a href=C:/HTML Report/test-output/TempScreenShots/TC01_Add_Nationality_Iterration_2_2020_Feb_23_11_26_23_865_AM/23_Feb_2020 11_26_26_588 AM.png target="popup" onclick="window.open('C:/HTML Report/test-output/TempScreenShots/TC01_Add_Nationality_Iterration_2_2020_Feb_23_11_26_23_865_AM/23_Feb_2020 11_26_26_588 AM.png','popup','width=600,height=600'); return false;"> ScreenShot</a> </center></th> <th width="250px"  ><center>2020_Feb_23_11_26_26_906_AM</center></th>  </tr>      ]]>
            </line>
            <line>
              <![CDATA[ <tr bgcolor="#ddd"> <th width="100px"> <center>Step&nbsp;2</center> </th> <th width="450px" ><center><b><font color='black'>   Scroll Nationality </b> </font></center></th> <th width="100px" ><center><img src='file:///C:\HTML Report\HtmlTemplates\passed.ico'    +     "width="30" + height="30"></img></center></th>  <th  width="250px"  ><center><a href=C:/HTML Report/test-output/TempScreenShots/TC01_Add_Nationality_Iterration_2_2020_Feb_23_11_26_23_865_AM/23_Feb_2020 11_26_28_054 AM.png target="popup" onclick="window.open('C:/HTML Report/test-output/TempScreenShots/TC01_Add_Nationality_Iterration_2_2020_Feb_23_11_26_23_865_AM/23_Feb_2020 11_26_28_054 AM.png','popup','width=600,height=600'); return false;"> ScreenShot</a> </center></th> <th width="250px"  ><center>2020_Feb_23_11_26_28_354_AM</center></th>  </tr>      ]]>
            </line>
          </reporter-output>
        </test-method> <!-- Nationality_call_allmethods -->
        <test-method is-config="true" signature="CloseHtml()[pri:0, instance:TestCases.TC01_Add_Nationality@36d585c]" started-at="2020-02-23T05:56:28Z" name="CloseHtml" finished-at="2020-02-23T05:56:30Z" duration-ms="2294" status="PASS">
          <reporter-output>
            <line>
              <![CDATA[ <tr bgcolor="#eee"> <th width="100px"> <center>Step&nbsp;3</center> </th> <th width="450px" ><center><b><font color='black'>   HomePage - Logout</b> </font></center></th> <th width="100px" ><center><img src='file:///C:\HTML Report\HtmlTemplates\passed.ico'    +     "width="30" + height="30"></img></center></th>  <th  width="250px"  ><center><a href=C:/HTML Report/test-output/TempScreenShots/TC01_Add_Nationality_Iterration_2_2020_Feb_23_11_26_23_865_AM/23_Feb_2020 11_26_28_424 AM.png target="popup" onclick="window.open('C:/HTML Report/test-output/TempScreenShots/TC01_Add_Nationality_Iterration_2_2020_Feb_23_11_26_23_865_AM/23_Feb_2020 11_26_28_424 AM.png','popup','width=600,height=600'); return false;"> ScreenShot</a> </center></th> <th width="250px"  ><center>2020_Feb_23_11_26_28_730_AM</center></th>  </tr>      ]]>
            </line>
            <line>
              <![CDATA[ <tr bgcolor="#ddd"> <th width="100px"> <center>Step&nbsp;4</center> </th> <th width="450px" ><center><b><font color='black'>   After Click on Logout- Logged out Succefully</b> </font></center></th> <th width="100px" ><center><img src='file:///C:\HTML Report\HtmlTemplates\passed.ico'    +     "width="30" + height="30"></img></center></th>  <th  width="250px"  ><center><a href=C:/HTML Report/test-output/TempScreenShots/TC01_Add_Nationality_Iterration_2_2020_Feb_23_11_26_23_865_AM/23_Feb_2020 11_26_29_660 AM.png target="popup" onclick="window.open('C:/HTML Report/test-output/TempScreenShots/TC01_Add_Nationality_Iterration_2_2020_Feb_23_11_26_23_865_AM/23_Feb_2020 11_26_29_660 AM.png','popup','width=600,height=600'); return false;"> ScreenShot</a> </center></th> <th width="250px"  ><center>2020_Feb_23_11_26_29_986_AM</center></th>  </tr>      ]]>
            </line>
          </reporter-output>
        </test-method> <!-- CloseHtml -->
      </class> <!-- TestCases.TC01_Add_Nationality -->
    </test> <!-- TC01_Add_Nationality -->
  </suite> <!-- Suite -->
</testng-results>
