<?xml version="1.0" encoding="UTF-8"?>
<!-- Generated by org.testng.reporters.JUnitXMLReporter -->
<testsuite ignored="0" hostname="Sudhakar-PC" failures="1" tests="4" name="AddEmployeeTest" time="57.335" errors="0" timestamp="28 Apr 2019 00:23:30 GMT">
  <testcase classname="Employee.ExportEmployees" name="ExportAllEmployees" time="20.741">
    <failure type="org.apache.poi.poifs.filesystem.NotOLE2FileException" message="Invalid header signature; read 0x0000000000000000, expected 0xE11AB1A1E011CFD0 - Your file appears not to be a valid OLE2 document">
      <![CDATA[org.apache.poi.poifs.filesystem.NotOLE2FileException: Invalid header signature; read 0x0000000000000000, expected 0xE11AB1A1E011CFD0 - Your file appears not to be a valid OLE2 document
at org.apache.poi.poifs.storage.HeaderBlock.<init>(HeaderBlock.java:144)
at org.apache.poi.poifs.storage.HeaderBlock.<init>(HeaderBlock.java:113)
at org.apache.poi.poifs.filesystem.NPOIFSFileSystem.<init>(NPOIFSFileSystem.java:301)
at org.apache.poi.hssf.usermodel.HSSFWorkbook.<init>(HSSFWorkbook.java:413)
at org.apache.poi.hssf.usermodel.HSSFWorkbook.<init>(HSSFWorkbook.java:394)
at ExcelUtil.ExcelApiTest3.getRowCount(ExcelApiTest3.java:154)
at Employee.ExportEmployees.ExportAllEmployees(ExportEmployees.java:133)
at java.base/java.util.concurrent.ThreadPoolExecutor.runWorker(ThreadPoolExecutor.java:1128)
at java.base/java.util.concurrent.ThreadPoolExecutor$Worker.run(ThreadPoolExecutor.java:628)
at java.base/java.lang.Thread.run(Thread.java:835)
... Removed 10 stack frames]]>
    </failure>
  </testcase> <!-- ExportAllEmployees -->
  <testcase classname="Employee.AddEmpDataProvider4" name="AddEmployee_call_allmethods" time="28.103"/>
  <testcase classname="Employee.AddEmpDataProvider4" name="AddEmployee_call_allmethods" time="11.46"/>
  <testcase classname="Employee.AddEmpDataProvider4" name="AddEmployee_call_allmethods" time="11.131"/>
</testsuite> <!-- AddEmployeeTest -->
