<?xml version="1.0" encoding="UTF-8"?>
<!-- Generated by org.testng.reporters.JUnitXMLReporter -->
<testsuite ignored="0" hostname="DESKTOP-VL2N6EH" failures="0" tests="2" name="TC01_Add_Nationality" time="29.392" errors="0" timestamp="23 Feb 2020 05:56:30 GMT">
  <testcase classname="TestCases.TC01_Add_Nationality" name="Nationality_call_allmethods" time="11.425"/>
  <testcase classname="TestCases.TC01_Add_Nationality" name="Nationality_call_allmethods" time="4.521"/>
</testsuite> <!-- TC01_Add_Nationality -->
